Flow report for Lab2_SM_v3
Tue Feb 24 16:58:48 2026
Quartus II 64-Bit Version 13.1.0 Build 162 10/23/2013 SJ Web Edition


---------------------
; Table of Contents ;
---------------------
  1. Legal Notice
  2. Flow Summary
  3. Flow Settings
  4. Flow Non-Default Global Settings
  5. Flow Elapsed Time
  6. Flow OS Summary
  7. Flow Log
  8. Flow Messages
  9. Flow Suppressed Messages



----------------
; Legal Notice ;
----------------
Copyright (C) 1991-2013 Altera Corporation
Your use of Altera Corporation's design tools, logic functions 
and other software and tools, and its AMPP partner logic 
functions, and any output files from any of the foregoing 
(including device programming or simulation files), and any 
associated documentation or information are expressly subject 
to the terms and conditions of the Altera Program License 
Subscription Agreement, Altera MegaCore Function License 
Agreement, or other applicable license agreement, including, 
without limitation, that your use is for the sole purpose of 
programming logic devices manufactured by Altera and sold by 
Altera or its authorized distributors.  Please refer to the 
applicable agreement for further details.



+---------------------------------------------------------------------------------+
; Flow Summary                                                                    ;
+------------------------------------+--------------------------------------------+
; Flow Status                        ; Successful - Tue Feb 24 16:58:48 2026      ;
; Quartus II 64-Bit Version          ; 13.1.0 Build 162 10/23/2013 SJ Web Edition ;
; Revision Name                      ; Lab2_SM_v3                                 ;
; Top-level Entity Name              ; Lab2_SM_v3                                 ;
; Family                             ; Cyclone III                                ;
; Device                             ; EP3C5F256C6                                ;
; Timing Models                      ; Final                                      ;
; Total logic elements               ; 17 / 5,136 ( < 1 % )                       ;
;     Total combinational functions  ; 17 / 5,136 ( < 1 % )                       ;
;     Dedicated logic registers      ; 0 / 5,136 ( 0 % )                          ;
; Total registers                    ; 0                                          ;
; Total pins                         ; 47 / 183 ( 26 % )                          ;
; Total virtual pins                 ; 0                                          ;
; Total memory bits                  ; 0 / 423,936 ( 0 % )                        ;
; Embedded Multiplier 9-bit elements ; 0 / 46 ( 0 % )                             ;
; Total PLLs                         ; 0 / 2 ( 0 % )                              ;
+------------------------------------+--------------------------------------------+


+-----------------------------------------+
; Flow Settings                           ;
+-------------------+---------------------+
; Option            ; Setting             ;
+-------------------+---------------------+
; Start date & time ; 02/24/2026 15:53:09 ;
; Main task         ; Compilation         ;
; Revision Name     ; Lab2_SM_v3          ;
+-------------------+---------------------+


+----------------------------------------------------------------------------------------------------------------------+
; Flow Non-Default Global Settings                                                                                     ;
+-------------------------------------+---------------------------------+---------------+-------------+----------------+
; Assignment Name                     ; Value                           ; Default Value ; Entity Name ; Section Id     ;
+-------------------------------------+---------------------------------+---------------+-------------+----------------+
; COMPILER_SIGNATURE_ID               ; 211210665337445.177194118910392 ; --            ; --          ; --             ;
; EDA_OUTPUT_DATA_FORMAT              ; Vhdl                            ; --            ; --          ; eda_simulation ;
; EDA_SIMULATION_TOOL                 ; ModelSim-Altera (VHDL)          ; <None>        ; --          ; --             ;
; IP_TOOL_NAME                        ; LPM_ADD_SUB                     ; --            ; --          ; --             ;
; IP_TOOL_VERSION                     ; 13.1                            ; --            ; --          ; --             ;
; MAX_CORE_JUNCTION_TEMP              ; 85                              ; --            ; --          ; --             ;
; MIN_CORE_JUNCTION_TEMP              ; 0                               ; --            ; --          ; --             ;
; MISC_FILE                           ; Mega_Kulikov_SM.bsf             ; --            ; --          ; --             ;
; MISC_FILE                           ; Mega_Kulikov_SM_bb.v            ; --            ; --          ; --             ;
; NOMINAL_CORE_SUPPLY_VOLTAGE         ; 1.2V                            ; --            ; --          ; --             ;
; PARTITION_COLOR                     ; 16764057                        ; --            ; --          ; Top            ;
; PARTITION_FITTER_PRESERVATION_LEVEL ; PLACEMENT_AND_ROUTING           ; --            ; --          ; Top            ;
; PARTITION_NETLIST_TYPE              ; SOURCE                          ; --            ; --          ; Top            ;
; PROJECT_OUTPUT_DIRECTORY            ; output_files                    ; --            ; --          ; --             ;
+-------------------------------------+---------------------------------+---------------+-------------+----------------+


+-------------------------------------------------------------------------------------------------------------------------------+
; Flow Elapsed Time                                                                                                             ;
+---------------------------+--------------+-------------------------+---------------------+------------------------------------+
; Module Name               ; Elapsed Time ; Average Processors Used ; Peak Virtual Memory ; Total CPU Time (on all processors) ;
+---------------------------+--------------+-------------------------+---------------------+------------------------------------+
; Analysis & Synthesis      ; 00:00:01     ; 1.0                     ; 4630 MB             ; 00:00:01                           ;
; Fitter                    ; 00:00:03     ; 4.7                     ; 5837 MB             ; 00:00:04                           ;
; Assembler                 ; 00:00:01     ; 1.0                     ; 4592 MB             ; 00:00:01                           ;
; TimeQuest Timing Analyzer ; 00:00:01     ; 1.0                     ; 4799 MB             ; 00:00:02                           ;
; EDA Netlist Writer        ; 00:00:01     ; 1.0                     ; 4567 MB             ; 00:00:01                           ;
; EDA Netlist Writer        ; 00:00:01     ; 1.0                     ; 4569 MB             ; 00:00:01                           ;
; EDA Netlist Writer        ; 00:00:01     ; 1.0                     ; 4570 MB             ; 00:00:01                           ;
; EDA Netlist Writer        ; 00:00:00     ; 1.0                     ; 4570 MB             ; 00:00:01                           ;
; EDA Netlist Writer        ; 00:00:00     ; 1.0                     ; 4569 MB             ; 00:00:01                           ;
; EDA Netlist Writer        ; 00:00:03     ; 1.0                     ; 4569 MB             ; 00:00:01                           ;
; EDA Netlist Writer        ; 00:00:01     ; 1.0                     ; 4569 MB             ; 00:00:01                           ;
; EDA Netlist Writer        ; 00:00:01     ; 1.0                     ; 4569 MB             ; 00:00:01                           ;
; EDA Netlist Writer        ; 00:00:01     ; 1.0                     ; 4570 MB             ; 00:00:01                           ;
; EDA Netlist Writer        ; 00:00:01     ; 1.0                     ; 4570 MB             ; 00:00:01                           ;
; EDA Netlist Writer        ; 00:00:00     ; 1.0                     ; 4569 MB             ; 00:00:01                           ;
; EDA Netlist Writer        ; 00:00:00     ; 1.0                     ; 4570 MB             ; 00:00:01                           ;
; EDA Netlist Writer        ; 00:00:01     ; 1.0                     ; 4569 MB             ; 00:00:01                           ;
; Total                     ; 00:00:17     ; --                      ; --                  ; 00:00:21                           ;
+---------------------------+--------------+-------------------------+---------------------+------------------------------------+


+----------------------------------------------------------------------------------------+
; Flow OS Summary                                                                        ;
+---------------------------+------------------+-----------+------------+----------------+
; Module Name               ; Machine Hostname ; OS Name   ; OS Version ; Processor type ;
+---------------------------+------------------+-----------+------------+----------------+
; Analysis & Synthesis      ; BronievsLaptop   ; Windows 7 ; 6.2        ; x86_64         ;
; Fitter                    ; BronievsLaptop   ; Windows 7 ; 6.2        ; x86_64         ;
; Assembler                 ; BronievsLaptop   ; Windows 7 ; 6.2        ; x86_64         ;
; TimeQuest Timing Analyzer ; BronievsLaptop   ; Windows 7 ; 6.2        ; x86_64         ;
; EDA Netlist Writer        ; BronievsLaptop   ; Windows 7 ; 6.2        ; x86_64         ;
; EDA Netlist Writer        ; BronievsLaptop   ; Windows 7 ; 6.2        ; x86_64         ;
; EDA Netlist Writer        ; BronievsLaptop   ; Windows 7 ; 6.2        ; x86_64         ;
; EDA Netlist Writer        ; BronievsLaptop   ; Windows 7 ; 6.2        ; x86_64         ;
; EDA Netlist Writer        ; BronievsLaptop   ; Windows 7 ; 6.2        ; x86_64         ;
; EDA Netlist Writer        ; BronievsLaptop   ; Windows 7 ; 6.2        ; x86_64         ;
; EDA Netlist Writer        ; BronievsLaptop   ; Windows 7 ; 6.2        ; x86_64         ;
; EDA Netlist Writer        ; BronievsLaptop   ; Windows 7 ; 6.2        ; x86_64         ;
; EDA Netlist Writer        ; BronievsLaptop   ; Windows 7 ; 6.2        ; x86_64         ;
; EDA Netlist Writer        ; BronievsLaptop   ; Windows 7 ; 6.2        ; x86_64         ;
; EDA Netlist Writer        ; BronievsLaptop   ; Windows 7 ; 6.2        ; x86_64         ;
; EDA Netlist Writer        ; BronievsLaptop   ; Windows 7 ; 6.2        ; x86_64         ;
; EDA Netlist Writer        ; BronievsLaptop   ; Windows 7 ; 6.2        ; x86_64         ;
+---------------------------+------------------+-----------+------------+----------------+


------------
; Flow Log ;
------------
quartus_map --read_settings_files=on --write_settings_files=off CLProject_Kulikov_IO42_v1 -c Lab2_SM_v3
quartus_fit --read_settings_files=off --write_settings_files=off CLProject_Kulikov_IO42_v1 -c Lab2_SM_v3
quartus_asm --read_settings_files=off --write_settings_files=off CLProject_Kulikov_IO42_v1 -c Lab2_SM_v3
quartus_sta CLProject_Kulikov_IO42_v1 -c Lab2_SM_v3
quartus_eda --read_settings_files=off --write_settings_files=off CLProject_Kulikov_IO42_v1 -c Lab2_SM_v3
quartus_eda --gen_testbench --check_outputs=on --tool=modelsim_oem --format=verilog CLProject_Kulikov_IO42_v1 -c Lab2_SM_v3 --vector_source=D:/Documents/Education/KPI/4Term/CompSchem/Rep/LR2/Lab2_SM_VW_v3.vwf --testbench_file=D:/Documents/Education/KPI/4Term/CompSchem/Rep/LR2/simulation/qsim/Lab2_SM_VW_v3.vwf.vt
quartus_eda --functional=on --flatten_buses=off --simulation=on --tool=modelsim_oem --format=verilog --output_directory=D:/Documents/Education/KPI/4Term/CompSchem/Rep/LR2/simulation/qsim/ CLProject_Kulikov_IO42_v1 -c Lab2_SM_v3
quartus_eda --gen_testbench --check_outputs=on --tool=modelsim_oem --format=verilog CLProject_Kulikov_IO42_v1 -c Lab2_SM_v3 --vector_source=D:/Documents/Education/KPI/4Term/CompSchem/Rep/LR2/Lab2_SM_VW_v3.vwf --testbench_file=D:/Documents/Education/KPI/4Term/CompSchem/Rep/LR2/simulation/qsim/Lab2_SM_VW_v3.vwf.vt
quartus_eda --functional=on --flatten_buses=off --simulation=on --tool=modelsim_oem --format=verilog --output_directory=D:/Documents/Education/KPI/4Term/CompSchem/Rep/LR2/simulation/qsim/ CLProject_Kulikov_IO42_v1 -c Lab2_SM_v3
quartus_eda --gen_testbench --check_outputs=on --tool=modelsim_oem --format=verilog CLProject_Kulikov_IO42_v1 -c Lab2_SM_v3 --vector_source=D:/Documents/Education/KPI/4Term/CompSchem/Rep/LR2/Lab2_SM_VW_v3.vwf --testbench_file=D:/Documents/Education/KPI/4Term/CompSchem/Rep/LR2/simulation/qsim/Lab2_SM_VW_v3.vwf.vt
quartus_eda --functional=on --flatten_buses=off --simulation=on --tool=modelsim_oem --format=verilog --output_directory=D:/Documents/Education/KPI/4Term/CompSchem/Rep/LR2/simulation/qsim/ CLProject_Kulikov_IO42_v1 -c Lab2_SM_v3
quartus_eda --gen_testbench --check_outputs=on --tool=modelsim_oem --format=verilog CLProject_Kulikov_IO42_v1 -c Lab2_SM_v3 --vector_source=D:/Documents/Education/KPI/4Term/CompSchem/Rep/LR2/Lab2_SM_VW_v3.vwf --testbench_file=D:/Documents/Education/KPI/4Term/CompSchem/Rep/LR2/simulation/qsim/Lab2_SM_VW_v3.vwf.vt
quartus_eda --functional=on --flatten_buses=off --simulation=on --tool=modelsim_oem --format=verilog --output_directory=D:/Documents/Education/KPI/4Term/CompSchem/Rep/LR2/simulation/qsim/ CLProject_Kulikov_IO42_v1 -c Lab2_SM_v3
quartus_eda --gen_testbench --check_outputs=on --tool=modelsim_oem --format=verilog CLProject_Kulikov_IO42_v1 -c Lab2_SM_v3 --vector_source=D:/Documents/Education/KPI/4Term/CompSchem/Rep/LR2/Lab2_SM_VW_v3.vwf --testbench_file=D:/Documents/Education/KPI/4Term/CompSchem/Rep/LR2/simulation/qsim/Lab2_SM_VW_v3.vwf.vt
quartus_eda --functional=on --flatten_buses=off --simulation=on --tool=modelsim_oem --format=verilog --output_directory=D:/Documents/Education/KPI/4Term/CompSchem/Rep/LR2/simulation/qsim/ CLProject_Kulikov_IO42_v1 -c Lab2_SM_v3
quartus_eda --gen_testbench --check_outputs=on --tool=modelsim_oem --format=verilog CLProject_Kulikov_IO42_v1 -c Lab2_SM_v3 --vector_source=D:/Documents/Education/KPI/4Term/CompSchem/Rep/LR2/Lab2_SM_VW_v3.vwf --testbench_file=D:/Documents/Education/KPI/4Term/CompSchem/Rep/LR2/simulation/qsim/Lab2_SM_VW_v3.vwf.vt
quartus_eda --functional=on --flatten_buses=off --simulation=on --tool=modelsim_oem --format=verilog --output_directory=D:/Documents/Education/KPI/4Term/CompSchem/Rep/LR2/simulation/qsim/ CLProject_Kulikov_IO42_v1 -c Lab2_SM_v3



